Started GET "/" for ::1 at 2022-04-21 01:16:56 -0500
  [1m[35m (1.1ms)[0m  [1m[34mSELECT sqlite_version(*)[0m
Processing by Rails::WelcomeController#index as HTML
  Rendering /opt/homebrew/lib/ruby/gems/3.1.0/gems/railties-7.0.2.3/lib/rails/templates/rails/welcome/index.html.erb
  Rendered /opt/homebrew/lib/ruby/gems/3.1.0/gems/railties-7.0.2.3/lib/rails/templates/rails/welcome/index.html.erb (Duration: 1.0ms | Allocations: 634)
Completed 200 OK in 8ms (Views: 3.3ms | ActiveRecord: 0.0ms | Allocations: 4917)


Started GET "/" for ::1 at 2022-04-21 01:28:00 -0500
  [1m[35m (0.3ms)[0m  [1m[34mSELECT sqlite_version(*)[0m
Processing by Rails::WelcomeController#index as HTML
  Rendering /opt/homebrew/lib/ruby/gems/3.1.0/gems/railties-7.0.2.3/lib/rails/templates/rails/welcome/index.html.erb
  Rendered /opt/homebrew/lib/ruby/gems/3.1.0/gems/railties-7.0.2.3/lib/rails/templates/rails/welcome/index.html.erb (Duration: 0.6ms | Allocations: 526)
Completed 200 OK in 4ms (Views: 1.6ms | ActiveRecord: 0.0ms | Allocations: 3594)


Started GET "/" for ::1 at 2022-04-21 01:28:04 -0500
Processing by Rails::WelcomeController#index as HTML
  Rendering /opt/homebrew/lib/ruby/gems/3.1.0/gems/railties-7.0.2.3/lib/rails/templates/rails/welcome/index.html.erb
  Rendered /opt/homebrew/lib/ruby/gems/3.1.0/gems/railties-7.0.2.3/lib/rails/templates/rails/welcome/index.html.erb (Duration: 1.3ms | Allocations: 319)
Completed 200 OK in 6ms (Views: 3.3ms | ActiveRecord: 0.0ms | Allocations: 1043)


Started GET "/articles" for ::1 at 2022-04-21 01:28:17 -0500
Processing by ArticlesController#index as HTML
  Rendering layout layouts/application.html.erb
  Rendering articles/index.html.erb within layouts/application
  Rendered articles/index.html.erb within layouts/application (Duration: 0.9ms | Allocations: 145)
  Rendered layout layouts/application.html.erb (Duration: 664.7ms | Allocations: 89783)
Completed 200 OK in 669ms (Views: 667.1ms | ActiveRecord: 0.0ms | Allocations: 90767)


Started GET "/" for ::1 at 2022-04-21 01:29:15 -0500
Processing by ArticlesController#index as HTML
  Rendering layout layouts/application.html.erb
  Rendering articles/index.html.erb within layouts/application
  Rendered articles/index.html.erb within layouts/application (Duration: 0.0ms | Allocations: 26)
  Rendered layout layouts/application.html.erb (Duration: 6.8ms | Allocations: 13934)
Completed 200 OK in 7ms (Views: 7.2ms | Allocations: 14571)


